============================= test session starts =============================
platform win32 -- Python 3.11.9, pytest-7.4.3, pluggy-1.6.0
rootdir: C:\Users\USUARIO\OneDrive\Escritorio\TFG
configfile: pyproject.toml
plugins: anyio-3.7.1, asyncio-0.21.1, cov-7.0.0
asyncio: mode=Mode.AUTO
collected 57 items

tests\example_test.py ..FF...F                                           [ 14%]
tests\test_endpoints.py FF..FFE.EEEEEEEEEEEEEEEEEEEEEEEEEEEEEEEEEEEE.EEE [ 98%]
E                                                                        [100%]

============================== warnings summary ===============================
app\config.py:12
  C:\Users\USUARIO\OneDrive\Escritorio\TFG\app\config.py:12: PydanticDeprecatedSince20: Support for class-based `config` is deprecated, use ConfigDict instead. Deprecated in Pydantic V2.0 to be removed in V3.0. See Pydantic V2 Migration Guide at https://errors.pydantic.dev/2.12/migration/
    class Settings(BaseSettings):

-- Docs: https://docs.pytest.org/en/stable/how-to/capture-warnings.html
=========================== short test summary info ===========================
FAILED tests/example_test.py::test_register_user - assert 400 == 201
FAILED tests/example_test.py::test_register_duplicate_email - assert 400 == 201
FAILED tests/example_test.py::test_get_current_user_no_token - assert 401 == 403
FAILED tests/test_endpoints.py::TestAuthEndpoints::test_register_user_success
FAILED tests/test_endpoints.py::TestAuthEndpoints::test_register_duplicate_username
FAILED tests/test_endpoints.py::TestAuthEndpoints::test_login_success - asser...
FAILED tests/test_endpoints.py::TestAuthEndpoints::test_login_invalid_credentials
ERROR tests/test_endpoints.py::TestUsuarioEndpoints::test_get_current_user - ...
ERROR tests/test_endpoints.py::TestUsuarioEndpoints::test_get_user_by_id - Ke...
ERROR tests/test_endpoints.py::TestUsuarioEndpoints::test_update_user_profile
ERROR tests/test_endpoints.py::TestUsuarioEndpoints::test_delete_user_account
ERROR tests/test_endpoints.py::TestUsuarioEndpoints::test_delete_own_data - K...
ERROR tests/test_endpoints.py::TestFileEndpoints::test_upload_csv_file - KeyE...
ERROR tests/test_endpoints.py::TestFileEndpoints::test_upload_invalid_file_type
ERROR tests/test_endpoints.py::TestFileEndpoints::test_get_my_files - KeyErro...
ERROR tests/test_endpoints.py::TestFileEndpoints::test_get_file_details - Key...
ERROR tests/test_endpoints.py::TestFileEndpoints::test_delete_file - KeyError...
ERROR tests/test_endpoints.py::TestFileEndpoints::test_delete_nonexistent_file
ERROR tests/test_endpoints.py::TestDatasetEndpoints::test_get_all_datasets - ...
ERROR tests/test_endpoints.py::TestDatasetEndpoints::test_get_dataset_by_id
ERROR tests/test_endpoints.py::TestDatasetEndpoints::test_get_dataset_by_name
ERROR tests/test_endpoints.py::TestDatasetEndpoints::test_get_nonexistent_dataset
ERROR tests/test_endpoints.py::TestMLModelEndpoints::test_create_prophet_model
ERROR tests/test_endpoints.py::TestMLModelEndpoints::test_create_arima_model
ERROR tests/test_endpoints.py::TestMLModelEndpoints::test_create_model_duplicate_name
ERROR tests/test_endpoints.py::TestMLModelEndpoints::test_get_all_user_models
ERROR tests/test_endpoints.py::TestMLModelEndpoints::test_get_models_by_dataset
ERROR tests/test_endpoints.py::TestMLModelEndpoints::test_get_model_detail - ...
ERROR tests/test_endpoints.py::TestMLModelEndpoints::test_update_model - KeyE...
ERROR tests/test_endpoints.py::TestMLModelEndpoints::test_delete_model - KeyE...
ERROR tests/test_endpoints.py::TestProphetPredictionEndpoints::test_prophet_predict
ERROR tests/test_endpoints.py::TestProphetPredictionEndpoints::test_prophet_predict_invalid_periods
ERROR tests/test_endpoints.py::TestProphetPredictionEndpoints::test_prophet_plot
ERROR tests/test_endpoints.py::TestProphetPredictionEndpoints::test_prophet_model_info
ERROR tests/test_endpoints.py::TestARIMAPredictionEndpoints::test_arima_predict
ERROR tests/test_endpoints.py::TestARIMAPredictionEndpoints::test_arima_predict_custom_periods
ERROR tests/test_endpoints.py::TestARIMAPredictionEndpoints::test_arima_model_info
ERROR tests/test_endpoints.py::TestARIMAPredictionEndpoints::test_arima_training_data
ERROR tests/test_endpoints.py::TestARIMAPredictionEndpoints::test_arima_plot
ERROR tests/test_endpoints.py::TestAuthorizationAndPermissions::test_cannot_access_other_user_model
ERROR tests/test_endpoints.py::TestAuthorizationAndPermissions::test_cannot_predict_other_user_model
ERROR tests/test_endpoints.py::TestAuthorizationAndPermissions::test_cannot_delete_other_user_model
ERROR tests/test_endpoints.py::TestErrorHandling::test_invalid_json_payload
ERROR tests/test_endpoints.py::TestErrorHandling::test_missing_required_fields
ERROR tests/test_endpoints.py::TestPerformance::test_large_prediction_request
ERROR tests/test_endpoints.py::TestPerformance::test_get_all_models_pagination
ERROR tests/test_endpoints.py::TestIntegration::test_complete_workflow_prophet
ERROR tests/test_endpoints.py::TestIntegration::test_complete_workflow_arima
============== 7 failed, 9 passed, 1 warning, 41 errors in 1.67s ==============
